  CGame.cpp
C:\WORK\GitHub\RockPaperScissorcpp\GameWindow.h(16,13): error C3646: 'menuBar': unknown override specifier
C:\WORK\GitHub\RockPaperScissorcpp\GameWindow.h(16,20): error C4430: missing type specifier - int assumed. Note: C++ does not support default-int
C:\WORK\GitHub\RockPaperScissorcpp\GameWindow.h(17,12): error C2143: syntax error: missing ';' before '*'
C:\WORK\GitHub\RockPaperScissorcpp\GameWindow.h(17,12): error C4430: missing type specifier - int assumed. Note: C++ does not support default-int
C:\WORK\GitHub\RockPaperScissorcpp\GameWindow.h(17,27): error C2238: unexpected token(s) preceding ';'
C:\WORK\GitHub\RockPaperScissorcpp\GameWindow.h(18,16): error C3646: 'gameScreen': unknown override specifier
C:\WORK\GitHub\RockPaperScissorcpp\GameWindow.h(18,26): error C4430: missing type specifier - int assumed. Note: C++ does not support default-int
C:\WORK\GitHub\RockPaperScissorcpp\GameWindow.h(19,19): error C3646: 'optionsScreen': unknown override specifier
C:\WORK\GitHub\RockPaperScissorcpp\GameWindow.h(19,32): error C4430: missing type specifier - int assumed. Note: C++ does not support default-int
C:\WORK\GitHub\RockPaperScissorcpp\CGame.cpp(2,10): fatal  error C1083: Cannot open include file: 'QVBoxLayout': No such file or directory
  CMenu.cpp
  CPlayer.cpp
  CPlayer_AI.cpp
  CPlayer_User.cpp
  GameScreen.cpp
  GameWindow.cpp
  main.cpp
  MenuBar.cpp
  OptionScreen.cpp
  Generating Code...
